<?xml version="1.0" encoding="UTF-8"?>
<!-- Generated by org.testng.reporters.JUnitReportReporter -->
<testsuite skipped="0" hostname="LAPTOP-C9LFKRQA" name="test.NewTest" tests="1" failures="0" timestamp="30 Jul 2017 06:38:47 GMT" time="13.938" errors="0">
  <testcase name="testCode" time="13.938" classname="test.NewTest"/>
</testsuite> <!-- test.NewTest -->
