<?xml version="1.0" encoding="UTF-8"?>
<!-- Generated by org.testng.reporters.JUnitReportReporter -->
<testsuite skipped="0" hostname="LAPTOP-C9LFKRQA" name="test.TestCase_Messaging" tests="1" failures="0" timestamp="31 Jul 2017 04:45:21 GMT" time="39.152" errors="0">
  <testcase name="testCode" time="39.152" classname="test.TestCase_Messaging"/>
</testsuite> <!-- test.TestCase_Messaging -->
