<?xml version="1.0" encoding="UTF-8"?>
<!-- Generated by org.testng.reporters.JUnitReportReporter -->
<testsuite skipped="0" hostname="LAPTOP-C9LFKRQA" name="test.StartApplication" tests="1" failures="0" timestamp="28 Jul 2017 11:43:50 GMT" time="43.333" errors="0">
  <testcase name="App" time="43.333" classname="test.StartApplication"/>
</testsuite> <!-- test.StartApplication -->
